http://183.224.42.121:8080/echannel/cxf/groupCorrectSerivce
<soapenv:Envelope xmlns:soapenv="http://schemas.xmlsoap.org/soap/envelope/" xmlns:gro="http://groupCorrect.accident.provider.app.thirdparty.echannel.ebiz.isoftstone.com/">
	<soapenv:Header/>
	<soapenv:Body>
		<gro:operateCorrect>
			<!--Optional:-->
			<operateCorrect>
				

  <Head>
    <partnerCode>MCLY</partnerCode>
    <passWord>MCLY20170103</passWord>
    <queryId>9b8891ef110b425e95d27ded9226fb79</queryId>
    <requestType>00001</requestType>
    <userName>MCLY</userName>
  </Head>
  <Main>
    <policyNo>6000000114420170003307</policyNo>
    <sumPremium>0</sumPremium>
    <validDate>2017-09-05T00:00:00</validDate>
  </Main>
  <CorrPlanList />

			</operateCorrect>
		</gro:operateCorrect>
	</soapenv:Body>
</soapenv:Envelope>
