http://183.224.42.121:8080/echannel/cxf/groupCorrectSerivce
<soapenv:Envelope xmlns:soapenv="http://schemas.xmlsoap.org/soap/envelope/" xmlns:gro="http://groupCorrect.accident.provider.app.thirdparty.echannel.ebiz.isoftstone.com/">
	<soapenv:Header/>
	<soapenv:Body>
		<gro:operateCorrect>
			<!--Optional:-->
			<operateCorrect>
				

  <Head>
    <partnerCode>MCLY</partnerCode>
    <passWord>MCLY20170103</passWord>
    <queryId>d2bbd5241a45460795b83182d0b7c847</queryId>
    <requestType>00001</requestType>
    <userName>MCLY</userName>
  </Head>
  <Main>
    <policyNo>6000000114420170003304</policyNo>
    <sumPremium>-80</sumPremium>
    <validDate>2017-09-05</validDate>
  </Main>
  <CorrPlanList>
    <corrPlan>
      <RiskRealateParyList>
        <RiskRealatePary>
          <appliPhone>13888888888</appliPhone>
          <birthday>1961-03-07</birthday>
          <changeInsured>-80</changeInsured>
          <clientCName>周至强</clientCName>
          <clientType>1</clientType>
          <identifyNo>120104196103074359</identifyNo>
          <identifyType>01</identifyType>
          <insuredBusinessSource>0101001</insuredBusinessSource>
          <modifyFlag>B</modifyFlag>
          <sex>1</sex>
        </RiskRealatePary>
      </RiskRealateParyList>
    </corrPlan>
  </CorrPlanList>

			</operateCorrect>
		</gro:operateCorrect>
	</soapenv:Body>
</soapenv:Envelope>
