===========================================================================
【2017-09-14 16:02:00】
【Order】
Validation failed for one or more entities. See 'EntityValidationErrors' property for more details.

PropertyName:IdentifyPic,IdentifyPic 字段是必需的。



===========================================================================
【2017-09-18 15:38:08】
【UserInfo】
Validation failed for one or more entities. See 'EntityValidationErrors' property for more details.

PropertyName:InCompany,InCompany 字段是必需的。



===========================================================================
【2017-09-18 15:38:08】
【UserInfo】
Validation failed for one or more entities. See 'EntityValidationErrors' property for more details.

PropertyName:InCompany,InCompany 字段是必需的。



===========================================================================
【2017-09-18 15:38:08】
【UserInfo】
Validation failed for one or more entities. See 'EntityValidationErrors' property for more details.

PropertyName:InCompany,InCompany 字段是必需的。



===========================================================================
【2017-09-18 15:38:09】
【UserInfo】
Validation failed for one or more entities. See 'EntityValidationErrors' property for more details.

PropertyName:InCompany,InCompany 字段是必需的。



===========================================================================
【2017-09-18 15:38:09】
【UserInfo】
Validation failed for one or more entities. See 'EntityValidationErrors' property for more details.

PropertyName:InCompany,InCompany 字段是必需的。



===========================================================================
【2017-09-18 15:38:09】
【UserInfo】
Validation failed for one or more entities. See 'EntityValidationErrors' property for more details.

PropertyName:InCompany,InCompany 字段是必需的。



===========================================================================
【2017-09-18 15:38:09】
【UserInfo】
Validation failed for one or more entities. See 'EntityValidationErrors' property for more details.

PropertyName:InCompany,InCompany 字段是必需的。



===========================================================================
【2017-09-18 15:38:09】
【UserInfo】
Validation failed for one or more entities. See 'EntityValidationErrors' property for more details.

PropertyName:InCompany,InCompany 字段是必需的。



===========================================================================
【2017-09-18 15:38:09】
【UserInfo】
Validation failed for one or more entities. See 'EntityValidationErrors' property for more details.

PropertyName:InCompany,InCompany 字段是必需的。



===========================================================================
【2017-09-18 15:38:10】
【UserInfo】
Validation failed for one or more entities. See 'EntityValidationErrors' property for more details.

PropertyName:InCompany,InCompany 字段是必需的。



===========================================================================
【2017-09-18 15:38:10】
【UserInfo】
Validation failed for one or more entities. See 'EntityValidationErrors' property for more details.

PropertyName:InCompany,InCompany 字段是必需的。



===========================================================================
【2017-09-18 15:38:10】
【UserInfo】
Validation failed for one or more entities. See 'EntityValidationErrors' property for more details.

PropertyName:InCompany,InCompany 字段是必需的。



===========================================================================
【2017-09-18 15:38:10】
【UserInfo】
Validation failed for one or more entities. See 'EntityValidationErrors' property for more details.

PropertyName:InCompany,InCompany 字段是必需的。



===========================================================================
【2017-09-18 15:38:10】
【UserInfo】
Validation failed for one or more entities. See 'EntityValidationErrors' property for more details.

PropertyName:InCompany,InCompany 字段是必需的。



===========================================================================
【2017-09-18 15:38:10】
【UserInfo】
Validation failed for one or more entities. See 'EntityValidationErrors' property for more details.

PropertyName:InCompany,InCompany 字段是必需的。



===========================================================================
【2017-09-18 15:38:10】
【UserInfo】
Validation failed for one or more entities. See 'EntityValidationErrors' property for more details.

PropertyName:InCompany,InCompany 字段是必需的。



===========================================================================
【2017-09-18 15:38:10】
【UserInfo】
Validation failed for one or more entities. See 'EntityValidationErrors' property for more details.

PropertyName:InCompany,InCompany 字段是必需的。



===========================================================================
【2017-09-18 15:38:10】
【UserInfo】
Validation failed for one or more entities. See 'EntityValidationErrors' property for more details.

PropertyName:InCompany,InCompany 字段是必需的。



===========================================================================
【2017-09-18 15:38:11】
【UserInfo】
Validation failed for one or more entities. See 'EntityValidationErrors' property for more details.

PropertyName:InCompany,InCompany 字段是必需的。



===========================================================================
【2017-09-18 15:38:11】
【UserInfo】
Validation failed for one or more entities. See 'EntityValidationErrors' property for more details.

PropertyName:InCompany,InCompany 字段是必需的。



===========================================================================
【2017-09-18 15:38:11】
【UserInfo】
Validation failed for one or more entities. See 'EntityValidationErrors' property for more details.

PropertyName:InCompany,InCompany 字段是必需的。



===========================================================================
【2017-09-18 15:38:11】
【UserInfo】
Validation failed for one or more entities. See 'EntityValidationErrors' property for more details.

PropertyName:InCompany,InCompany 字段是必需的。



===========================================================================
【2017-09-18 15:38:11】
【UserInfo】
Validation failed for one or more entities. See 'EntityValidationErrors' property for more details.

PropertyName:InCompany,InCompany 字段是必需的。



===========================================================================
【2017-09-18 15:38:12】
【UserInfo】
Validation failed for one or more entities. See 'EntityValidationErrors' property for more details.

PropertyName:InCompany,InCompany 字段是必需的。



===========================================================================
【2017-09-18 15:38:12】
【UserInfo】
Validation failed for one or more entities. See 'EntityValidationErrors' property for more details.

PropertyName:InCompany,InCompany 字段是必需的。



===========================================================================
【2017-09-18 15:38:12】
【UserInfo】
Validation failed for one or more entities. See 'EntityValidationErrors' property for more details.

PropertyName:InCompany,InCompany 字段是必需的。



===========================================================================
【2017-09-18 15:38:12】
【UserInfo】
Validation failed for one or more entities. See 'EntityValidationErrors' property for more details.

PropertyName:InCompany,InCompany 字段是必需的。



===========================================================================
【2017-09-18 15:38:12】
【UserInfo】
Validation failed for one or more entities. See 'EntityValidationErrors' property for more details.

PropertyName:InCompany,InCompany 字段是必需的。



===========================================================================
【2017-09-18 15:38:12】
【UserInfo】
Validation failed for one or more entities. See 'EntityValidationErrors' property for more details.

PropertyName:InCompany,InCompany 字段是必需的。



===========================================================================
【2017-09-18 15:38:13】
【UserInfo】
Validation failed for one or more entities. See 'EntityValidationErrors' property for more details.

PropertyName:InCompany,InCompany 字段是必需的。



===========================================================================
【2017-09-18 15:38:13】
【UserInfo】
Validation failed for one or more entities. See 'EntityValidationErrors' property for more details.

PropertyName:InCompany,InCompany 字段是必需的。



===========================================================================
【2017-09-18 15:38:13】
【UserInfo】
Validation failed for one or more entities. See 'EntityValidationErrors' property for more details.

PropertyName:InCompany,InCompany 字段是必需的。



===========================================================================
【2017-09-18 15:38:13】
【UserInfo】
Validation failed for one or more entities. See 'EntityValidationErrors' property for more details.

PropertyName:InCompany,InCompany 字段是必需的。



===========================================================================
【2017-09-18 15:38:13】
【UserInfo】
Validation failed for one or more entities. See 'EntityValidationErrors' property for more details.

PropertyName:InCompany,InCompany 字段是必需的。



===========================================================================
【2017-09-18 15:38:13】
【UserInfo】
Validation failed for one or more entities. See 'EntityValidationErrors' property for more details.

PropertyName:InCompany,InCompany 字段是必需的。



===========================================================================
【2017-09-18 15:38:13】
【UserInfo】
Validation failed for one or more entities. See 'EntityValidationErrors' property for more details.

PropertyName:InCompany,InCompany 字段是必需的。



===========================================================================
【2017-09-18 15:38:13】
【UserInfo】
Validation failed for one or more entities. See 'EntityValidationErrors' property for more details.

PropertyName:InCompany,InCompany 字段是必需的。



===========================================================================
【2017-09-18 15:38:14】
【UserInfo】
Validation failed for one or more entities. See 'EntityValidationErrors' property for more details.

PropertyName:InCompany,InCompany 字段是必需的。



===========================================================================
【2017-09-18 15:38:14】
【UserInfo】
Validation failed for one or more entities. See 'EntityValidationErrors' property for more details.

PropertyName:InCompany,InCompany 字段是必需的。



===========================================================================
【2017-09-18 15:38:14】
【UserInfo】
Validation failed for one or more entities. See 'EntityValidationErrors' property for more details.

PropertyName:InCompany,InCompany 字段是必需的。



===========================================================================
【2017-09-18 15:38:14】
【UserInfo】
Validation failed for one or more entities. See 'EntityValidationErrors' property for more details.

PropertyName:InCompany,InCompany 字段是必需的。



===========================================================================
【2017-09-18 15:38:14】
【UserInfo】
Validation failed for one or more entities. See 'EntityValidationErrors' property for more details.

PropertyName:InCompany,InCompany 字段是必需的。



===========================================================================
【2017-09-18 15:38:15】
【UserInfo】
Validation failed for one or more entities. See 'EntityValidationErrors' property for more details.

PropertyName:InCompany,InCompany 字段是必需的。



===========================================================================
【2017-09-18 15:38:15】
【UserInfo】
Validation failed for one or more entities. See 'EntityValidationErrors' property for more details.

PropertyName:InCompany,InCompany 字段是必需的。



===========================================================================
【2017-09-18 15:38:15】
【UserInfo】
Validation failed for one or more entities. See 'EntityValidationErrors' property for more details.

PropertyName:InCompany,InCompany 字段是必需的。



===========================================================================
【2017-09-18 15:38:16】
【UserInfo】
Validation failed for one or more entities. See 'EntityValidationErrors' property for more details.

PropertyName:InCompany,InCompany 字段是必需的。



===========================================================================
【2017-09-18 15:38:16】
【UserInfo】
Validation failed for one or more entities. See 'EntityValidationErrors' property for more details.

PropertyName:InCompany,InCompany 字段是必需的。



===========================================================================
【2017-09-18 15:38:16】
【UserInfo】
Validation failed for one or more entities. See 'EntityValidationErrors' property for more details.

PropertyName:InCompany,InCompany 字段是必需的。



===========================================================================
【2017-09-18 15:38:16】
【UserInfo】
Validation failed for one or more entities. See 'EntityValidationErrors' property for more details.

PropertyName:InCompany,InCompany 字段是必需的。



===========================================================================
【2017-09-18 15:38:16】
【UserInfo】
Validation failed for one or more entities. See 'EntityValidationErrors' property for more details.

PropertyName:InCompany,InCompany 字段是必需的。



===========================================================================
【2017-09-18 15:38:17】
【UserInfo】
Validation failed for one or more entities. See 'EntityValidationErrors' property for more details.

PropertyName:InCompany,InCompany 字段是必需的。



===========================================================================
【2017-09-18 15:38:17】
【UserInfo】
Validation failed for one or more entities. See 'EntityValidationErrors' property for more details.

PropertyName:InCompany,InCompany 字段是必需的。



===========================================================================
【2017-09-18 15:38:17】
【UserInfo】
Validation failed for one or more entities. See 'EntityValidationErrors' property for more details.

PropertyName:InCompany,InCompany 字段是必需的。



===========================================================================
【2017-09-18 15:38:18】
【UserInfo】
Validation failed for one or more entities. See 'EntityValidationErrors' property for more details.

PropertyName:InCompany,InCompany 字段是必需的。



===========================================================================
【2017-09-18 15:38:18】
【UserInfo】
Validation failed for one or more entities. See 'EntityValidationErrors' property for more details.

PropertyName:InCompany,InCompany 字段是必需的。



===========================================================================
【2017-09-18 15:38:18】
【UserInfo】
Validation failed for one or more entities. See 'EntityValidationErrors' property for more details.

PropertyName:InCompany,InCompany 字段是必需的。



===========================================================================
【2017-09-18 15:38:18】
【UserInfo】
Validation failed for one or more entities. See 'EntityValidationErrors' property for more details.

PropertyName:InCompany,InCompany 字段是必需的。



===========================================================================
【2017-09-18 15:38:18】
【UserInfo】
Validation failed for one or more entities. See 'EntityValidationErrors' property for more details.

PropertyName:InCompany,InCompany 字段是必需的。



===========================================================================
【2017-09-18 15:38:18】
【UserInfo】
Validation failed for one or more entities. See 'EntityValidationErrors' property for more details.

PropertyName:InCompany,InCompany 字段是必需的。



===========================================================================
【2017-09-18 15:38:18】
【UserInfo】
Validation failed for one or more entities. See 'EntityValidationErrors' property for more details.

PropertyName:InCompany,InCompany 字段是必需的。



===========================================================================
【2017-09-18 15:38:18】
【UserInfo】
Validation failed for one or more entities. See 'EntityValidationErrors' property for more details.

PropertyName:InCompany,InCompany 字段是必需的。



===========================================================================
【2017-09-18 15:38:19】
【UserInfo】
Validation failed for one or more entities. See 'EntityValidationErrors' property for more details.

PropertyName:InCompany,InCompany 字段是必需的。



===========================================================================
【2017-09-18 15:38:19】
【UserInfo】
Validation failed for one or more entities. See 'EntityValidationErrors' property for more details.

PropertyName:InCompany,InCompany 字段是必需的。



===========================================================================
【2017-09-18 15:38:19】
【UserInfo】
Validation failed for one or more entities. See 'EntityValidationErrors' property for more details.

PropertyName:InCompany,InCompany 字段是必需的。



===========================================================================
【2017-09-18 15:38:19】
【UserInfo】
Validation failed for one or more entities. See 'EntityValidationErrors' property for more details.

PropertyName:InCompany,InCompany 字段是必需的。



===========================================================================
【2017-09-18 15:38:19】
【UserInfo】
Validation failed for one or more entities. See 'EntityValidationErrors' property for more details.

PropertyName:InCompany,InCompany 字段是必需的。



===========================================================================
【2017-09-18 15:38:19】
【UserInfo】
Validation failed for one or more entities. See 'EntityValidationErrors' property for more details.

PropertyName:InCompany,InCompany 字段是必需的。



