===========================================================================
【2017-08-25 13:52:14】
sxb登录

===========================================================================
【2017-08-25 14:00:34】
sxb登录

===========================================================================
【2017-08-25 14:00:50】
sxb登录

===========================================================================
【2017-08-31 09:47:54】
zzq登录

===========================================================================
【2017-08-31 09:48:49】
zzq登录

===========================================================================
【2017-08-31 09:57:09】
zzq登录

===========================================================================
【2017-08-31 10:14:11】
zzq登录

===========================================================================
【2017-09-01 10:28:19】
zzq登录

===========================================================================
【2017-09-01 10:29:43】
zzq登录

===========================================================================
【2017-09-01 10:30:37】
zzq登录

===========================================================================
【2017-09-01 11:30:35】
zzq登录

===========================================================================
【2017-09-01 11:31:02】
zzq登录

===========================================================================
【2017-09-01 11:33:04】
zzq登录

===========================================================================
【2017-09-01 11:50:07】
zzq登录

===========================================================================
【2017-09-01 11:50:29】
zzq登录

===========================================================================
【2017-09-01 11:53:22】
zzq登录

===========================================================================
【2017-09-01 14:17:46】
zzq登录

===========================================================================
【2017-09-01 14:41:43】
zzq登录

===========================================================================
【2017-09-01 14:41:59】
zzq登录

===========================================================================
【2017-09-02 12:00:36】
zzq登录

===========================================================================
【2017-09-02 14:01:40】
zzq登录

===========================================================================
【2017-09-02 14:49:22】
zzq登录

===========================================================================
【2017-09-02 14:56:55】
zzq登录

===========================================================================
【2017-09-02 15:13:20】
zzq登录

===========================================================================
【2017-09-02 15:13:20】
zzq登录

===========================================================================
【2017-09-02 15:14:40】
zzq登录

===========================================================================
【2017-09-02 15:16:16】
zzq登录

===========================================================================
【2017-09-02 15:23:51】
zzq登录

===========================================================================
【2017-09-02 15:26:35】
zzq登录

===========================================================================
【2017-09-02 15:26:49】
zzq登录

===========================================================================
【2017-09-04 17:02:35】
zzq登录

===========================================================================
【2017-09-04 17:13:43】
zzq登录

===========================================================================
【2017-09-05 09:06:59】
zzq登录

===========================================================================
【2017-09-05 09:12:00】
zzq登录

===========================================================================
【2017-09-06 09:34:40】
zzq登录

===========================================================================
【2017-09-07 09:10:58】
zzq登录

===========================================================================
【2017-09-07 10:10:56】
zzq登录

===========================================================================
【2017-09-07 10:25:13】
{"UserName":"zzq","Password":"123456"}

===========================================================================
【2017-09-07 10:25:13】
zzq登录

===========================================================================
【2017-09-07 10:25:49】
{"UserName":"zzq","Password":"123456"}

===========================================================================
【2017-09-07 10:25:49】
zzq登录

===========================================================================
【2017-09-07 10:26:03】
{"UserName":"zzq","Password":"123456"}

===========================================================================
【2017-09-07 10:26:03】
zzq登录

===========================================================================
【2017-09-07 10:26:05】
{"UserName":"zzq","Password":"123456"}

===========================================================================
【2017-09-07 10:26:05】
zzq登录

===========================================================================
【2017-09-07 10:26:07】
{"UserName":"zzq","Password":"123456"}

===========================================================================
【2017-09-07 10:26:07】
zzq登录

===========================================================================
【2017-09-07 13:30:51】
{"UserName":"zzq","Password":"123456"}

===========================================================================
【2017-09-07 13:30:51】
zzq登录

===========================================================================
【2017-09-07 13:33:16】
{"UserName":"zzq","Password":"123456"}

===========================================================================
【2017-09-07 13:33:16】
zzq登录

===========================================================================
【2017-09-07 13:39:24】
{"UserName":"zzq","Password":"123456"}

===========================================================================
【2017-09-07 13:39:24】
zzq登录

===========================================================================
【2017-09-07 13:58:28】
{"UserName":"zzq","Password":"123456"}

===========================================================================
【2017-09-07 13:58:28】
zzq登录

===========================================================================
【2017-09-07 14:00:52】
{"UserName":"zzq","Password":"123456"}

===========================================================================
【2017-09-07 14:00:52】
zzq登录

===========================================================================
【2017-09-07 14:12:15】
{"UserName":"zzq","Password":"123456"}

===========================================================================
【2017-09-07 14:12:15】
zzq登录

===========================================================================
【2017-09-07 14:14:31】
{"UserName":"zzq","Password":"123456"}

===========================================================================
【2017-09-07 14:14:31】
zzq登录

===========================================================================
【2017-09-07 14:45:51】
{"UserName":"zzq","Password":"123456"}

===========================================================================
【2017-09-07 14:45:51】
zzq登录

===========================================================================
【2017-09-07 16:35:16】
{"UserName":"zzq","Password":"123456"}

===========================================================================
【2017-09-07 16:35:17】
zzq登录

===========================================================================
【2017-09-07 16:41:38】
{"UserName":"zzq","Password":"123456"}

===========================================================================
【2017-09-07 16:41:38】
{"ErrorMessage":"用户名或密码错误","ReturnCode":"501","Success":false,"Data":null}

===========================================================================
【2017-09-08 09:57:44】
{"UserName":"zzq","Password":"123456"}

===========================================================================
【2017-09-08 09:57:44】
zzq登录

===========================================================================
【2017-09-08 11:24:21】
{"UserName":"zzq","Password":"123456"}

===========================================================================
【2017-09-08 11:24:22】
zzq登录

===========================================================================
【2017-09-08 12:01:20】
修改密码======{
    "Id":136,
     "OldPassword":"123123",
     "NewPassword":"123456"
}

===========================================================================
【2017-09-08 12:02:21】
修改密码======{
    "Id":136,
     "OldPassword":"123456",
     "NewPassword":"111111"
}

===========================================================================
【2017-09-08 12:03:34】
修改密码======{"oldpassword":"111111","NewPassword":"123456"}

===========================================================================
【2017-09-08 12:05:35】
修改密码======{"oldpassword":"123456","NewPassword":"111111"}

===========================================================================
【2017-09-08 12:06:13】
{"UserName":"zzq","Password":"111111"}

===========================================================================
【2017-09-08 12:06:13】
zzq登录

===========================================================================
【2017-09-08 12:06:23】
修改密码======{"oldpassword":"111111","NewPassword":"123456"}

===========================================================================
【2017-09-08 12:07:52】
修改密码======{"Id":"MCLY00000136","oldpassword":"111111","NewPassword":"123456"}

===========================================================================
【2017-09-08 12:09:07】
修改密码======{"oldpassword":"111111","NewPassword":"123456"}

===========================================================================
【2017-09-08 12:09:43】
修改密码======{"oldpassword":"123456","NewPassword":"111111"}

===========================================================================
【2017-09-08 14:20:13】
{"UserName":"zzq","Password":"123456"}

===========================================================================
【2017-09-08 14:20:13】
{"ErrorMessage":"用户名或密码错误","ReturnCode":"501","Success":false,"Data":null}

===========================================================================
【2017-09-08 14:20:27】
{"UserName":"zzq","Password":"123456"}

===========================================================================
【2017-09-08 14:20:27】
{"ErrorMessage":"用户名或密码错误","ReturnCode":"501","Success":false,"Data":null}

===========================================================================
【2017-09-08 14:20:46】
{"UserName":"zzq","Password":"111111"}

===========================================================================
【2017-09-08 14:20:46】
zzq登录

===========================================================================
【2017-09-08 15:06:52】
{"UserName":"zzq","Password":"111111"}

===========================================================================
【2017-09-08 15:06:52】
zzq登录

===========================================================================
【2017-09-08 15:24:35】
{"UserName":"zzq","Password":"123456"}

===========================================================================
【2017-09-08 15:24:35】
{"ErrorMessage":"用户名或密码错误","ReturnCode":"501","Success":false,"Data":null}

===========================================================================
【2017-09-08 15:24:38】
{"UserName":"zzq","Password":"111111"}

===========================================================================
【2017-09-08 15:24:38】
zzq登录

===========================================================================
【2017-09-08 16:25:33】
{"UserName":"zzq","Password":"111111"}

===========================================================================
【2017-09-08 16:25:34】
zzq登录

===========================================================================
【2017-09-08 17:33:12】
{"UserName":"zzq","Password":"111111"}

===========================================================================
【2017-09-08 17:33:12】
zzq登录

===========================================================================
【2017-09-08 18:20:48】
{"UserName":"zzq","Password":"111111"}

===========================================================================
【2017-09-08 18:20:48】
zzq登录

===========================================================================
【2017-09-11 09:07:07】
{"UserName":"zzq","Password":"111111"}

===========================================================================
【2017-09-11 09:07:07】
{"UserName":"zzq","Password":"111111"}

===========================================================================
【2017-09-11 09:07:07】
zzq登录

===========================================================================
【2017-09-11 09:08:20】
{"UserName":"zzq","Password":"111111"}

===========================================================================
【2017-09-11 09:08:20】
zzq登录

===========================================================================
【2017-09-11 09:56:43】
{"UserName":"zzq","Password":"111111"}

===========================================================================
【2017-09-11 09:56:43】
zzq登录

===========================================================================
【2017-09-11 10:07:54】
{"UserName":"zzq","Password":"123456"}

===========================================================================
【2017-09-11 10:07:54】
{"ErrorMessage":"用户名或密码错误","ReturnCode":"501","Success":false,"Data":null}

===========================================================================
【2017-09-11 10:08:03】
{"UserName":"zzq","Password":"111111"}

===========================================================================
【2017-09-11 10:08:03】
zzq登录

===========================================================================
【2017-09-11 10:17:52】
{"UserName":"zzq","Password":"123456"}

===========================================================================
【2017-09-11 10:17:52】
{"ErrorMessage":"用户名或密码错误","ReturnCode":"501","Success":false,"Data":null}

===========================================================================
【2017-09-11 10:17:59】
{"UserName":"zzq","Password":"111111"}

===========================================================================
【2017-09-11 10:17:59】
zzq登录

===========================================================================
【2017-09-11 11:01:03】
{"UserName":"zzq","Password":"111111"}

===========================================================================
【2017-09-11 11:01:03】
zzq登录

===========================================================================
【2017-09-11 16:39:10】
{"UserName":"zzq","Password":"111111"}

===========================================================================
【2017-09-11 16:39:10】
zzq登录

===========================================================================
【2017-09-11 16:46:25】
{"UserName":"zzq","Password":"111111"}

===========================================================================
【2017-09-11 16:46:25】
zzq登录

===========================================================================
【2017-09-11 16:47:31】
{"UserName":"zzq","Password":"111111"}

===========================================================================
【2017-09-11 16:47:31】
zzq登录

===========================================================================
【2017-09-11 16:49:36】
{"UserName":"zzq","Password":"1111111"}

===========================================================================
【2017-09-11 16:49:36】
{"ErrorMessage":"用户名或密码错误","ReturnCode":"501","Success":false,"Data":null}

===========================================================================
【2017-09-11 16:49:40】
{"UserName":"zzq","Password":"111111"}

===========================================================================
【2017-09-11 16:49:40】
zzq登录

===========================================================================
【2017-09-11 16:51:01】
{"UserName":"zzq","Password":"111111"}

===========================================================================
【2017-09-11 16:51:01】
zzq登录

===========================================================================
【2017-09-12 15:06:31】
{"UserName":"zzq","Password":"111111"}

===========================================================================
【2017-09-12 15:06:31】
zzq登录

===========================================================================
【2017-09-14 09:52:23】
{"UserName":"zzq","Password":"123456"}

===========================================================================
【2017-09-14 09:52:23】
zzq登录

===========================================================================
【2017-09-14 10:13:26】
{"UserName":"zzq","Password":"123456"}

===========================================================================
【2017-09-14 10:13:26】
zzq登录

===========================================================================
【2017-09-14 14:20:47】
{"UserName":"zzq","Password":"123456"}

===========================================================================
【2017-09-14 14:20:47】
zzq登录

===========================================================================
【2017-09-14 14:46:45】
{"UserName":"zzq","Password":"123456"}

===========================================================================
【2017-09-14 14:46:45】
zzq登录

===========================================================================
【2017-09-18 16:36:01】
{"UserName":"zzq","Password":"111111"}

===========================================================================
【2017-09-18 16:36:01】
{"ErrorMessage":"用户名或密码错误","ReturnCode":"601","Success":false,"Data":null}

===========================================================================
【2017-09-18 16:36:08】
{"UserName":"zzq","Password":"111111"}

===========================================================================
【2017-09-18 16:36:08】
{"ErrorMessage":"用户名或密码错误","ReturnCode":"601","Success":false,"Data":null}

===========================================================================
【2017-09-18 16:36:15】
{"UserName":"zzq","Password":"123456"}

===========================================================================
【2017-09-18 16:36:15】
{"ErrorMessage":"用户名或密码错误","ReturnCode":"601","Success":false,"Data":null}

===========================================================================
【2017-09-18 16:36:21】
{"UserName":"zzq","Password":"123456"}

===========================================================================
【2017-09-18 16:36:21】
{"ErrorMessage":"用户名或密码错误","ReturnCode":"601","Success":false,"Data":null}

===========================================================================
【2017-09-18 16:38:01】
{"UserName":"fjp","Password":"123456"}

===========================================================================
【2017-09-18 16:38:01】
fjp登录

===========================================================================
【2017-09-18 16:38:11】
{"UserName":"fjp","Password":"123456"}

===========================================================================
【2017-09-18 16:38:11】
fjp登录

===========================================================================
【2017-09-18 16:38:12】
{"UserName":"fjp","Password":"123456"}

===========================================================================
【2017-09-18 16:38:13】
fjp登录

===========================================================================
【2017-09-18 16:38:18】
{"UserName":"zzq","Password":"123456"}

===========================================================================
【2017-09-18 16:38:18】
zzq登录

===========================================================================
【2017-09-18 16:38:55】
{"UserName":"fjp","Password":"123456"}

===========================================================================
【2017-09-18 16:38:56】
fjp登录

===========================================================================
【2017-09-18 16:39:18】
{"UserName":"fjp","Password":"123456"}

===========================================================================
【2017-09-18 16:39:18】
fjp登录

===========================================================================
【2017-09-18 16:39:30】
{"UserName":"fjp","Password":"123456"}

===========================================================================
【2017-09-18 16:39:30】
fjp登录

===========================================================================
【2017-09-18 16:40:20】
{"UserName":"fjp","Password":"123456"}

===========================================================================
【2017-09-18 16:40:21】
fjp登录

===========================================================================
【2017-09-18 16:40:43】
{"UserName":"fjp","Password":"123456"}

===========================================================================
【2017-09-18 16:40:44】
fjp登录

===========================================================================
【2017-09-18 16:41:29】
{"UserName":"zzq","Password":"123456"}

===========================================================================
【2017-09-18 16:41:29】
zzq登录

===========================================================================
【2017-09-18 16:42:30】
{"UserName":"fjp","Password":"123456"}

===========================================================================
【2017-09-18 16:42:30】
fjp登录

===========================================================================
【2017-09-18 16:42:47】
{"UserName":"fjp","Password":"123456"}

===========================================================================
【2017-09-18 16:42:47】
fjp登录

===========================================================================
【2017-09-18 16:43:07】
{"UserName":"zzq","Password":"123456"}

===========================================================================
【2017-09-18 16:43:07】
zzq登录

===========================================================================
【2017-09-18 16:43:19】
{"UserName":"fjp","Password":"123456"}

===========================================================================
【2017-09-18 16:43:19】
fjp登录

===========================================================================
【2017-09-18 16:44:23】
{"UserName":"fjp","Password":"123456"}

===========================================================================
【2017-09-18 16:44:23】
fjp登录

===========================================================================
【2017-09-18 16:45:11】
{"UserName":"fjp","Password":"123456"}

===========================================================================
【2017-09-18 16:45:11】
fjp登录

===========================================================================
【2017-09-18 16:45:28】
{"UserName":"fjp","Password":"123456"}

===========================================================================
【2017-09-18 16:45:28】
fjp登录

===========================================================================
【2017-09-18 16:56:01】
{"UserName":"zzq","Password":"123456"}

===========================================================================
【2017-09-18 16:56:01】
zzq登录

===========================================================================
【2017-09-18 17:46:22】
{"UserName":"fjp","Password":"123456"}

===========================================================================
【2017-09-18 17:46:22】
fjp登录

===========================================================================
【2017-09-18 17:46:57】
{"UserName":"fjp","Password":"123456"}

===========================================================================
【2017-09-18 17:46:57】
fjp登录

===========================================================================
【2017-09-18 17:48:48】
{"UserName":"fjp","Password":"123456"}

===========================================================================
【2017-09-18 17:48:48】
fjp登录

===========================================================================
【2017-09-18 17:49:16】
{"UserName":"fjp","Password":"123456"}

===========================================================================
【2017-09-18 17:49:16】
fjp登录

===========================================================================
【2017-09-18 17:49:40】
{"UserName":"fjp","Password":"123456"}

===========================================================================
【2017-09-18 17:49:40】
fjp登录

===========================================================================
【2017-09-18 17:49:49】
{"UserName":"fjp","Password":"123456"}

===========================================================================
【2017-09-18 17:49:49】
fjp登录

===========================================================================
【2017-09-18 17:50:19】
{"UserName":"fjp","Password":"123456"}

===========================================================================
【2017-09-18 17:50:19】
fjp登录

===========================================================================
【2017-09-18 17:50:34】
{"UserName":"fjp","Password":"123456"}

===========================================================================
【2017-09-18 17:50:34】
fjp登录

===========================================================================
【2017-09-18 17:57:55】
修改密码======{"oldpassword":"123456","NewPassword":"fjp911031"}

===========================================================================
【2017-09-18 18:01:27】
{"UserName":"fjp","Password":"123456"}

===========================================================================
【2017-09-18 18:01:27】
{"ErrorMessage":"用户名或密码错误","ReturnCode":"601","Success":false,"Data":null}

===========================================================================
【2017-09-18 18:01:49】
{"UserName":"fjp","Password":"fjp911031"}

===========================================================================
【2017-09-18 18:01:49】
fjp登录

===========================================================================
【2017-09-18 18:02:46】
{"UserName":"fjp","Password":"fjp911031"}

===========================================================================
【2017-09-18 18:02:46】
fjp登录

===========================================================================
【2017-09-18 18:02:53】
{"UserName":"fjp","Password":"fjp911031"}

===========================================================================
【2017-09-18 18:02:53】
fjp登录

===========================================================================
【2017-09-18 18:18:17】
{"UserName":"fjp","Password":"fjp911031"}

===========================================================================
【2017-09-18 18:18:17】
fjp登录

===========================================================================
【2017-09-18 18:19:46】
{"UserName":"fjp","Password":"fjp911031"}

===========================================================================
【2017-09-18 18:19:46】
fjp登录

===========================================================================
【2017-09-18 18:32:50】
{
    "UserName":"zzq",
    "Password":"123456"
}

===========================================================================
【2017-09-18 18:32:50】
zzq登录

===========================================================================
【2017-09-18 18:33:42】
sdfsdf

===========================================================================
【2017-09-18 18:34:08】
{
    "UserName":"zzq",
    "Password":"123456"
}

===========================================================================
【2017-09-18 18:34:08】
zzq登录

===========================================================================
【2017-09-18 18:34:29】
{
    "UserName":"zzq",
    "Password":"123456"
}

===========================================================================
【2017-09-18 18:34:29】
zzq登录

===========================================================================
【2017-09-18 18:34:39】
{
    "UserName":"zzq",
    "Password":"123456"
}

===========================================================================
【2017-09-18 18:34:39】
zzq登录

===========================================================================
【2017-09-18 18:34:44】
{
    "UserName":"zzq",
    "Password":"123456"
}

===========================================================================
【2017-09-18 18:34:44】
zzq登录

===========================================================================
【2017-09-18 18:38:27】
{"UserName":"fjp","Password":"fjp911031"}

===========================================================================
【2017-09-18 18:38:27】
fjp登录

===========================================================================
【2017-09-18 18:39:23】
{"UserName":"fjp","Password":"fjp911031"}

===========================================================================
【2017-09-18 18:39:24】
fjp登录

===========================================================================
【2017-09-18 18:41:33】
{"UserName":"fjp","Password":"fjp911031"}

===========================================================================
【2017-09-18 18:41:33】
fjp登录

===========================================================================
【2017-09-18 19:16:24】
{"UserName":"fjp","Password":"fjp911031"}

===========================================================================
【2017-09-18 19:16:25】
fjp登录

===========================================================================
【2017-09-19 09:53:18】
{"UserName":"fjp","Password":"fjp911031"}

===========================================================================
【2017-09-19 09:53:18】
{"ErrorMessage":"用户名或密码错误","ReturnCode":"601","Success":false,"Data":null}

===========================================================================
【2017-09-19 11:10:38】
{"UserName":"mcly","Password":"123456"}

===========================================================================
【2017-09-19 11:10:38】
{"ErrorMessage":"用户名或密码错误","ReturnCode":"601","Success":false,"Data":null}

===========================================================================
【2017-09-19 12:03:53】
{"UserName":"mcly","Password":"123456"}

===========================================================================
【2017-09-19 12:03:54】
{"ErrorMessage":"用户名或密码错误","ReturnCode":"601","Success":false,"Data":null}

===========================================================================
【2017-09-19 14:00:48】
{"UserName":"mcly","Password":"123456"}

===========================================================================
【2017-09-19 14:00:48】
{"ErrorMessage":"用户名或密码错误","ReturnCode":"601","Success":false,"Data":null}

===========================================================================
【2017-09-19 14:03:04】
{"UserName":"fjp","Password":"123456"}

===========================================================================
【2017-09-19 14:03:05】
fjp登录

===========================================================================
【2017-09-19 17:05:39】
{"UserName":"zjy","Password":"123456"}

===========================================================================
【2017-09-19 17:05:39】
zjy登录

===========================================================================
【2017-09-19 17:10:43】
{"UserName":"fjp","Password":"123456"}

===========================================================================
【2017-09-19 17:10:43】
fjp登录

===========================================================================
【2017-09-19 17:18:04】
{"UserName":"mcly","Password":"123456"}

===========================================================================
【2017-09-19 17:18:04】
{"ErrorMessage":"用户名或密码错误","ReturnCode":"601","Success":false,"Data":null}

===========================================================================
【2017-09-19 17:18:10】
{"UserName":"mcly","Password":"123456"}

===========================================================================
【2017-09-19 17:18:10】
{"ErrorMessage":"用户名或密码错误","ReturnCode":"601","Success":false,"Data":null}

===========================================================================
【2017-09-19 17:18:25】
{"UserName":"mcly","Password":"123456"}

===========================================================================
【2017-09-19 17:18:25】
{"ErrorMessage":"用户名或密码错误","ReturnCode":"601","Success":false,"Data":null}

===========================================================================
【2017-09-19 18:20:47】
{"UserName":"fjp","Password":"123456"}

===========================================================================
【2017-09-19 18:20:47】
fjp登录

===========================================================================
【2017-09-19 18:29:45】
{"UserName":"fjp","Password":"123456"}

===========================================================================
【2017-09-19 18:29:45】
fjp登录

===========================================================================
【2017-09-19 22:08:11】
{"UserName":"zjy","Password":"123456"}

===========================================================================
【2017-09-19 22:08:11】
zjy登录

===========================================================================
【2017-09-20 11:43:29】
{"UserName":"zjy","Password":"123456"}

===========================================================================
【2017-09-20 11:43:29】
zjy登录

===========================================================================
【2017-09-20 12:04:54】
{"UserName":"mcly","Password":"asfs"}

===========================================================================
【2017-09-20 12:04:54】
{"ErrorMessage":"用户名或密码错误","ReturnCode":"601","Success":false,"Data":null}

===========================================================================
【2017-09-20 12:05:07】
{"UserName":"mcly","Password":"123456"}

===========================================================================
【2017-09-20 12:05:07】
{"ErrorMessage":"用户名或密码错误","ReturnCode":"601","Success":false,"Data":null}

===========================================================================
【2017-09-20 12:05:14】
{"UserName":"fjp","Password":"123456"}

===========================================================================
【2017-09-20 12:05:14】
{"ErrorMessage":"用户名或密码错误","ReturnCode":"601","Success":false,"Data":null}

===========================================================================
【2017-09-20 12:05:22】
{"UserName":"fjp","Password":"111111"}

===========================================================================
【2017-09-20 12:05:22】
{"ErrorMessage":"用户名或密码错误","ReturnCode":"601","Success":false,"Data":null}

===========================================================================
【2017-09-20 12:05:27】
{"UserName":"fjp","Password":"fjp911031"}

===========================================================================
【2017-09-20 12:05:27】
{"ErrorMessage":"用户名或密码错误","ReturnCode":"601","Success":false,"Data":null}

===========================================================================
【2017-09-20 12:05:42】
{"UserName":"test","Password":"123456"}

===========================================================================
【2017-09-20 12:05:42】
test登录

===========================================================================
【2017-09-20 13:44:49】
{"UserName":"mcly","Password":"123456"}

===========================================================================
【2017-09-20 13:44:49】
{"ErrorMessage":"用户名或密码错误","ReturnCode":"601","Success":false,"Data":null}

===========================================================================
【2017-09-20 13:44:52】
{"UserName":"mcly","Password":"654321"}

===========================================================================
【2017-09-20 13:44:52】
{"ErrorMessage":"用户名或密码错误","ReturnCode":"601","Success":false,"Data":null}

===========================================================================
【2017-09-20 13:44:56】
{"UserName":"mcly","Password":"7654321"}

===========================================================================
【2017-09-20 13:44:56】
{"ErrorMessage":"用户名或密码错误","ReturnCode":"601","Success":false,"Data":null}

===========================================================================
【2017-09-20 13:44:59】
{"UserName":"mcly","Password":"111111"}

===========================================================================
【2017-09-20 13:44:59】
{"ErrorMessage":"用户名或密码错误","ReturnCode":"601","Success":false,"Data":null}

===========================================================================
【2017-09-20 13:45:03】
{"UserName":"mcly","Password":"1234556"}

===========================================================================
【2017-09-20 13:45:03】
{"ErrorMessage":"用户名或密码错误","ReturnCode":"601","Success":false,"Data":null}

===========================================================================
【2017-09-20 15:44:30】
{"UserName":"test","Password":"123456"}

===========================================================================
【2017-09-20 15:44:30】
test登录

===========================================================================
【2017-09-20 16:06:17】
{"UserName":"zjy","Password":"123456"}

===========================================================================
【2017-09-20 16:06:17】
zjy登录

===========================================================================
【2017-09-20 16:26:01】
{"UserName":"zjy","Password":"123456"}

===========================================================================
【2017-09-20 16:26:01】
zjy登录

===========================================================================
【2017-09-20 16:30:57】
{"UserName":"test","Password":"123456"}

===========================================================================
【2017-09-20 16:30:57】
test登录

===========================================================================
【2017-09-20 16:52:35】
{"UserName":"test","Password":"123456"}

===========================================================================
【2017-09-20 16:52:35】
test登录

===========================================================================
【2017-09-20 17:05:02】
{"UserName":"zjy","Password":"123456"}

===========================================================================
【2017-09-20 17:05:02】
zjy登录

