http://183.224.42.121:8080/echannel/cxf/groupCorrectSerivce
<soapenv:Envelope xmlns:soapenv="http://schemas.xmlsoap.org/soap/envelope/" xmlns:gro="http://groupCorrect.accident.provider.app.thirdparty.echannel.ebiz.isoftstone.com/">
	<soapenv:Header/>
	<soapenv:Body>
		<gro:operateCorrect>
			<!--Optional:-->
			<operateCorrect>
				

  <Head>
    <partnerCode>MCLY</partnerCode>
    <passWord>MCLY20170103</passWord>
    <queryId>8b1d4660dce74cbbaf16d94b74aa321e</queryId>
    <requestType>00001</requestType>
    <userName>MCLY</userName>
  </Head>
  <Main>
    <policyNo>6000000114420170003357</policyNo>
    <sumPremium>-102.36</sumPremium>
    <validDate>2017-09-13</validDate>
  </Main>
  <CorrPlanList>
    <corrPlan>
      <RiskRealateParyList>
        <RiskRealatePary>
          <appliPhone>13888888888</appliPhone>
          <birthday>1976-12-29</birthday>
          <changeInsured>-102.36</changeInsured>
          <clientCName>沈默</clientCName>
          <clientType>1</clientType>
          <identifyNo>510129197612291348</identifyNo>
          <identifyType>01</identifyType>
          <insuredBusinessSource>0101001</insuredBusinessSource>
          <modifyFlag>B</modifyFlag>
          <sex>2</sex>
        </RiskRealatePary>
      </RiskRealateParyList>
    </corrPlan>
  </CorrPlanList>

			</operateCorrect>
		</gro:operateCorrect>
	</soapenv:Body>
</soapenv:Envelope>
