http://183.224.42.121:8080/echannel/cxf/groupCorrectSerivce
<soapenv:Envelope xmlns:soapenv="http://schemas.xmlsoap.org/soap/envelope/" xmlns:gro="http://groupCorrect.accident.provider.app.thirdparty.echannel.ebiz.isoftstone.com/">
	<soapenv:Header/>
	<soapenv:Body>
		<gro:operateCorrect>
			<!--Optional:-->
			<operateCorrect>
				

  <Head>
    <partnerCode>MCLY</partnerCode>
    <passWord>MCLY20170103</passWord>
    <queryId>3c89af06e8724fb3b71df5d542690840</queryId>
    <requestType>00001</requestType>
    <userName>MCLY</userName>
  </Head>
  <Main>
    <policyNo>6000000114420170003355</policyNo>
    <sumPremium>80</sumPremium>
    <validDate>2017-09-13</validDate>
  </Main>
  <CorrPlanList>
    <corrPlan>
      <RiskRealateParyList>
        <RiskRealatePary>
          <appliPhone>13888888888</appliPhone>
          <birthday>1963-09-14</birthday>
          <changeInsured>80</changeInsured>
          <clientCName>朱俊屹</clientCName>
          <clientType>1</clientType>
          <identifyNo>120101196309142013</identifyNo>
          <identifyType>01</identifyType>
          <insuredBusinessSource>0101001</insuredBusinessSource>
          <modifyFlag>I</modifyFlag>
          <sex>1</sex>
        </RiskRealatePary>
        <RiskRealatePary>
          <appliPhone>13888888888</appliPhone>
          <birthday>1963-09-14</birthday>
          <changeInsured>80</changeInsured>
          <clientCName>朱俊屹</clientCName>
          <clientType>1</clientType>
          <identifyNo>120101196309142023</identifyNo>
          <identifyType>01</identifyType>
          <insuredBusinessSource>0101001</insuredBusinessSource>
          <modifyFlag>I</modifyFlag>
          <sex>2</sex>
        </RiskRealatePary>
        <RiskRealatePary>
          <appliPhone>13888888888</appliPhone>
          <birthday>1963-09-14</birthday>
          <changeInsured>80</changeInsured>
          <clientCName>朱俊屹</clientCName>
          <clientType>1</clientType>
          <identifyNo>120101196309142033</identifyNo>
          <identifyType>01</identifyType>
          <insuredBusinessSource>0101001</insuredBusinessSource>
          <modifyFlag>I</modifyFlag>
          <sex>1</sex>
        </RiskRealatePary>
        <RiskRealatePary>
          <appliPhone>13888888888</appliPhone>
          <birthday>1963-09-14</birthday>
          <changeInsured>80</changeInsured>
          <clientCName>朱俊屹</clientCName>
          <clientType>1</clientType>
          <identifyNo>120101196309145063</identifyNo>
          <identifyType>01</identifyType>
          <insuredBusinessSource>0101001</insuredBusinessSource>
          <modifyFlag>I</modifyFlag>
          <sex>2</sex>
        </RiskRealatePary>
      </RiskRealateParyList>
    </corrPlan>
  </CorrPlanList>

			</operateCorrect>
		</gro:operateCorrect>
	</soapenv:Body>
</soapenv:Envelope>
http://183.224.42.121:8080/echannel/cxf/groupCorrectSerivce
<soapenv:Envelope xmlns:soapenv="http://schemas.xmlsoap.org/soap/envelope/" xmlns:gro="http://groupCorrect.accident.provider.app.thirdparty.echannel.ebiz.isoftstone.com/">
	<soapenv:Header/>
	<soapenv:Body>
		<gro:operateCorrect>
			<!--Optional:-->
			<operateCorrect>
				

  <Head>
    <partnerCode>MCLY</partnerCode>
    <passWord>MCLY20170103</passWord>
    <queryId>bdded43d3bfb48da89125eb5f40ed9c1</queryId>
    <requestType>00001</requestType>
    <userName>MCLY</userName>
  </Head>
  <Main>
    <policyNo>6000000114420170003355</policyNo>
    <sumPremium>320</sumPremium>
    <validDate>2017-09-13</validDate>
  </Main>
  <CorrPlanList>
    <corrPlan>
      <RiskRealateParyList>
        <RiskRealatePary>
          <appliPhone>13888888888</appliPhone>
          <birthday>1963-09-14</birthday>
          <changeInsured>80</changeInsured>
          <clientCName>朱俊屹</clientCName>
          <clientType>1</clientType>
          <identifyNo>120101196309142013</identifyNo>
          <identifyType>01</identifyType>
          <insuredBusinessSource>0101001</insuredBusinessSource>
          <modifyFlag>I</modifyFlag>
          <sex>1</sex>
        </RiskRealatePary>
        <RiskRealatePary>
          <appliPhone>13888888888</appliPhone>
          <birthday>1963-09-14</birthday>
          <changeInsured>80</changeInsured>
          <clientCName>朱俊屹</clientCName>
          <clientType>1</clientType>
          <identifyNo>120101196309142023</identifyNo>
          <identifyType>01</identifyType>
          <insuredBusinessSource>0101001</insuredBusinessSource>
          <modifyFlag>I</modifyFlag>
          <sex>2</sex>
        </RiskRealatePary>
        <RiskRealatePary>
          <appliPhone>13888888888</appliPhone>
          <birthday>1963-09-14</birthday>
          <changeInsured>80</changeInsured>
          <clientCName>朱俊屹</clientCName>
          <clientType>1</clientType>
          <identifyNo>120101196309142033</identifyNo>
          <identifyType>01</identifyType>
          <insuredBusinessSource>0101001</insuredBusinessSource>
          <modifyFlag>I</modifyFlag>
          <sex>1</sex>
        </RiskRealatePary>
        <RiskRealatePary>
          <appliPhone>13888888888</appliPhone>
          <birthday>1963-09-14</birthday>
          <changeInsured>80</changeInsured>
          <clientCName>朱俊屹</clientCName>
          <clientType>1</clientType>
          <identifyNo>120101196309145063</identifyNo>
          <identifyType>01</identifyType>
          <insuredBusinessSource>0101001</insuredBusinessSource>
          <modifyFlag>I</modifyFlag>
          <sex>2</sex>
        </RiskRealatePary>
      </RiskRealateParyList>
    </corrPlan>
  </CorrPlanList>

			</operateCorrect>
		</gro:operateCorrect>
	</soapenv:Body>
</soapenv:Envelope>
http://183.224.42.121:8080/echannel/cxf/groupCorrectSerivce
<soapenv:Envelope xmlns:soapenv="http://schemas.xmlsoap.org/soap/envelope/" xmlns:gro="http://groupCorrect.accident.provider.app.thirdparty.echannel.ebiz.isoftstone.com/">
	<soapenv:Header/>
	<soapenv:Body>
		<gro:operateCorrect>
			<!--Optional:-->
			<operateCorrect>
				

  <Head>
    <partnerCode>MCLY</partnerCode>
    <passWord>MCLY20170103</passWord>
    <queryId>f086234cd2a84e69abc7f8ecee1765ac</queryId>
    <requestType>00001</requestType>
    <userName>MCLY</userName>
  </Head>
  <Main>
    <policyNo>6000000114420170003355</policyNo>
    <sumPremium>320</sumPremium>
    <validDate>2017-09-13</validDate>
  </Main>
  <CorrPlanList>
    <corrPlan>
      <RiskRealateParyList>
        <RiskRealatePary>
          <appliPhone>13888888888</appliPhone>
          <birthday>1963-09-14</birthday>
          <changeInsured>80</changeInsured>
          <clientCName>朱俊屹</clientCName>
          <clientType>1</clientType>
          <identifyNo>120101196309142013</identifyNo>
          <identifyType>01</identifyType>
          <insuredBusinessSource>0101001</insuredBusinessSource>
          <modifyFlag>I</modifyFlag>
          <sex>1</sex>
        </RiskRealatePary>
        <RiskRealatePary>
          <appliPhone>13888888888</appliPhone>
          <birthday>1963-09-14</birthday>
          <changeInsured>80</changeInsured>
          <clientCName>朱俊屹</clientCName>
          <clientType>1</clientType>
          <identifyNo>120101196309142023</identifyNo>
          <identifyType>01</identifyType>
          <insuredBusinessSource>0101001</insuredBusinessSource>
          <modifyFlag>I</modifyFlag>
          <sex>2</sex>
        </RiskRealatePary>
        <RiskRealatePary>
          <appliPhone>13888888888</appliPhone>
          <birthday>1963-09-14</birthday>
          <changeInsured>80</changeInsured>
          <clientCName>朱俊屹</clientCName>
          <clientType>1</clientType>
          <identifyNo>120101196309142033</identifyNo>
          <identifyType>01</identifyType>
          <insuredBusinessSource>0101001</insuredBusinessSource>
          <modifyFlag>I</modifyFlag>
          <sex>1</sex>
        </RiskRealatePary>
        <RiskRealatePary>
          <appliPhone>13888888888</appliPhone>
          <birthday>1963-09-14</birthday>
          <changeInsured>80</changeInsured>
          <clientCName>朱俊屹</clientCName>
          <clientType>1</clientType>
          <identifyNo>120101196309145063</identifyNo>
          <identifyType>01</identifyType>
          <insuredBusinessSource>0101001</insuredBusinessSource>
          <modifyFlag>I</modifyFlag>
          <sex>2</sex>
        </RiskRealatePary>
      </RiskRealateParyList>
    </corrPlan>
  </CorrPlanList>

			</operateCorrect>
		</gro:operateCorrect>
	</soapenv:Body>
</soapenv:Envelope>
