http://183.224.42.121:8080/echannel/cxf/groupCorrectSerivce
<soapenv:Envelope xmlns:soapenv="http://schemas.xmlsoap.org/soap/envelope/" xmlns:gro="http://groupCorrect.accident.provider.app.thirdparty.echannel.ebiz.isoftstone.com/">
	<soapenv:Header/>
	<soapenv:Body>
		<gro:operateCorrect>
			<!--Optional:-->
			<operateCorrect>
				

  <Head>
    <partnerCode>MCLY</partnerCode>
    <passWord>MCLY20170103</passWord>
    <queryId>92869f2de58547a982258f56a7322c05</queryId>
    <requestType>00001</requestType>
    <userName>MCLY</userName>
  </Head>
  <Main>
    <policyNo>6000000114420170003356</policyNo>
    <sumPremium>320</sumPremium>
    <validDate>2017-09-13</validDate>
  </Main>
  <CorrPlanList>
    <corrPlan>
      <RiskRealateParyList>
        <RiskRealatePary>
          <appliPhone>13888888888</appliPhone>
          <birthday>1963-09-14</birthday>
          <changeInsured>80</changeInsured>
          <clientCName>朱俊屹</clientCName>
          <clientType>1</clientType>
          <identifyNo>120101196309142013</identifyNo>
          <identifyType>01</identifyType>
          <insuredBusinessSource>0101001</insuredBusinessSource>
          <modifyFlag>I</modifyFlag>
          <sex>1</sex>
        </RiskRealatePary>
        <RiskRealatePary>
          <appliPhone>13888888888</appliPhone>
          <birthday>1963-09-14</birthday>
          <changeInsured>80</changeInsured>
          <clientCName>朱俊屹</clientCName>
          <clientType>1</clientType>
          <identifyNo>120101196309142023</identifyNo>
          <identifyType>01</identifyType>
          <insuredBusinessSource>0101001</insuredBusinessSource>
          <modifyFlag>I</modifyFlag>
          <sex>2</sex>
        </RiskRealatePary>
        <RiskRealatePary>
          <appliPhone>13888888888</appliPhone>
          <birthday>1963-09-14</birthday>
          <changeInsured>80</changeInsured>
          <clientCName>朱俊屹</clientCName>
          <clientType>1</clientType>
          <identifyNo>120101196309142033</identifyNo>
          <identifyType>01</identifyType>
          <insuredBusinessSource>0101001</insuredBusinessSource>
          <modifyFlag>I</modifyFlag>
          <sex>1</sex>
        </RiskRealatePary>
        <RiskRealatePary>
          <appliPhone>13888888888</appliPhone>
          <birthday>1963-09-14</birthday>
          <changeInsured>80</changeInsured>
          <clientCName>朱俊屹</clientCName>
          <clientType>1</clientType>
          <identifyNo>120101196309145063</identifyNo>
          <identifyType>01</identifyType>
          <insuredBusinessSource>0101001</insuredBusinessSource>
          <modifyFlag>I</modifyFlag>
          <sex>2</sex>
        </RiskRealatePary>
      </RiskRealateParyList>
    </corrPlan>
  </CorrPlanList>

			</operateCorrect>
		</gro:operateCorrect>
	</soapenv:Body>
</soapenv:Envelope>
http://183.224.42.121:8080/echannel/cxf/groupCorrectSerivce
<soapenv:Envelope xmlns:soapenv="http://schemas.xmlsoap.org/soap/envelope/" xmlns:gro="http://groupCorrect.accident.provider.app.thirdparty.echannel.ebiz.isoftstone.com/">
	<soapenv:Header/>
	<soapenv:Body>
		<gro:operateCorrect>
			<!--Optional:-->
			<operateCorrect>
				

  <Head>
    <partnerCode>MCLY</partnerCode>
    <passWord>MCLY20170103</passWord>
    <queryId>de483636469a4aa89133e622cea389a3</queryId>
    <requestType>00001</requestType>
    <userName>MCLY</userName>
  </Head>
  <Main>
    <policyNo>6000000114420170003356</policyNo>
    <sumPremium>400</sumPremium>
    <validDate>2017-09-13</validDate>
  </Main>
  <CorrPlanList>
    <corrPlan>
      <RiskRealateParyList>
        <RiskRealatePary>
          <appliPhone>13888888888</appliPhone>
          <birthday>1977-01-11</birthday>
          <changeInsured>80</changeInsured>
          <clientCName>车晓蕾</clientCName>
          <clientType>1</clientType>
          <identifyNo>360121197701114184</identifyNo>
          <identifyType>01</identifyType>
          <insuredBusinessSource>0101001</insuredBusinessSource>
          <modifyFlag>I</modifyFlag>
          <sex>2</sex>
        </RiskRealatePary>
        <RiskRealatePary>
          <appliPhone>13888888888</appliPhone>
          <birthday>1977-10-09</birthday>
          <changeInsured>80</changeInsured>
          <clientCName>甄艺璇</clientCName>
          <clientType>1</clientType>
          <identifyNo>500243197710096686</identifyNo>
          <identifyType>01</identifyType>
          <insuredBusinessSource>0101001</insuredBusinessSource>
          <modifyFlag>I</modifyFlag>
          <sex>2</sex>
        </RiskRealatePary>
        <RiskRealatePary>
          <appliPhone>13888888888</appliPhone>
          <birthday>1980-06-27</birthday>
          <changeInsured>80</changeInsured>
          <clientCName>简仁涛</clientCName>
          <clientType>1</clientType>
          <identifyNo>222402198006279537</identifyNo>
          <identifyType>01</identifyType>
          <insuredBusinessSource>0101001</insuredBusinessSource>
          <modifyFlag>I</modifyFlag>
          <sex>1</sex>
        </RiskRealatePary>
        <RiskRealatePary>
          <appliPhone>13888888888</appliPhone>
          <birthday>1976-03-12</birthday>
          <changeInsured>80</changeInsured>
          <clientCName>班嘉力</clientCName>
          <clientType>1</clientType>
          <identifyNo>130825197603128276</identifyNo>
          <identifyType>01</identifyType>
          <insuredBusinessSource>0101001</insuredBusinessSource>
          <modifyFlag>I</modifyFlag>
          <sex>1</sex>
        </RiskRealatePary>
        <RiskRealatePary>
          <appliPhone>13888888888</appliPhone>
          <birthday>1981-05-03</birthday>
          <changeInsured>80</changeInsured>
          <clientCName>穆星辰</clientCName>
          <clientType>1</clientType>
          <identifyNo>140427198105036296</identifyNo>
          <identifyType>01</identifyType>
          <insuredBusinessSource>0101001</insuredBusinessSource>
          <modifyFlag>I</modifyFlag>
          <sex>1</sex>
        </RiskRealatePary>
      </RiskRealateParyList>
    </corrPlan>
  </CorrPlanList>

			</operateCorrect>
		</gro:operateCorrect>
	</soapenv:Body>
</soapenv:Envelope>
http://183.224.42.121:8080/echannel/cxf/groupCorrectSerivce
<soapenv:Envelope xmlns:soapenv="http://schemas.xmlsoap.org/soap/envelope/" xmlns:gro="http://groupCorrect.accident.provider.app.thirdparty.echannel.ebiz.isoftstone.com/">
	<soapenv:Header/>
	<soapenv:Body>
		<gro:operateCorrect>
			<!--Optional:-->
			<operateCorrect>
				

  <Head>
    <partnerCode>MCLY</partnerCode>
    <passWord>MCLY20170103</passWord>
    <queryId>fd67655338ee4f84b186e8992c02dbb3</queryId>
    <requestType>00001</requestType>
    <userName>MCLY</userName>
  </Head>
  <Main>
    <policyNo>6000000114420170003356</policyNo>
    <sumPremium>-160</sumPremium>
    <validDate>2017-09-13</validDate>
  </Main>
  <CorrPlanList>
    <corrPlan>
      <RiskRealateParyList>
        <RiskRealatePary>
          <appliPhone>13888888888</appliPhone>
          <birthday>1996-10-04</birthday>
          <changeInsured>-80</changeInsured>
          <clientCName>余凯瑞</clientCName>
          <clientType>1</clientType>
          <identifyNo>331023199610040310</identifyNo>
          <identifyType>01</identifyType>
          <insuredBusinessSource>0101001</insuredBusinessSource>
          <modifyFlag>B</modifyFlag>
          <sex>1</sex>
        </RiskRealatePary>
        <RiskRealatePary>
          <appliPhone>13888888888</appliPhone>
          <birthday>1977-03-24</birthday>
          <changeInsured>-80</changeInsured>
          <clientCName>盛孝斌</clientCName>
          <clientType>1</clientType>
          <identifyNo>372421197703241996</identifyNo>
          <identifyType>01</identifyType>
          <insuredBusinessSource>0101001</insuredBusinessSource>
          <modifyFlag>B</modifyFlag>
          <sex>1</sex>
        </RiskRealatePary>
      </RiskRealateParyList>
    </corrPlan>
  </CorrPlanList>

			</operateCorrect>
		</gro:operateCorrect>
	</soapenv:Body>
</soapenv:Envelope>
http://183.224.42.121:8080/echannel/cxf/groupCorrectSerivce
<soapenv:Envelope xmlns:soapenv="http://schemas.xmlsoap.org/soap/envelope/" xmlns:gro="http://groupCorrect.accident.provider.app.thirdparty.echannel.ebiz.isoftstone.com/">
	<soapenv:Header/>
	<soapenv:Body>
		<gro:operateCorrect>
			<!--Optional:-->
			<operateCorrect>
				

  <Head>
    <partnerCode>MCLY</partnerCode>
    <passWord>MCLY20170103</passWord>
    <queryId>b9f8bf7ca5c44ba08a8b5f115b46c68f</queryId>
    <requestType>00001</requestType>
    <userName>MCLY</userName>
  </Head>
  <Main>
    <policyNo>6000000114420170003356</policyNo>
    <sumPremium>-640</sumPremium>
    <validDate>2017-09-13</validDate>
  </Main>
  <CorrPlanList>
    <corrPlan>
      <RiskRealateParyList>
        <RiskRealatePary>
          <appliPhone>13888888888</appliPhone>
          <birthday>1976-12-29</birthday>
          <changeInsured>-80</changeInsured>
          <clientCName>沈默</clientCName>
          <clientType>1</clientType>
          <identifyNo>510129197612291348</identifyNo>
          <identifyType>01</identifyType>
          <insuredBusinessSource>0101001</insuredBusinessSource>
          <modifyFlag>B</modifyFlag>
          <sex>2</sex>
        </RiskRealatePary>
        <RiskRealatePary>
          <appliPhone>13888888888</appliPhone>
          <birthday>1962-04-21</birthday>
          <changeInsured>-80</changeInsured>
          <clientCName>方 洁萍</clientCName>
          <clientType>1</clientType>
          <identifyNo>512533196204210354</identifyNo>
          <identifyType>01</identifyType>
          <insuredBusinessSource>0101001</insuredBusinessSource>
          <modifyFlag>B</modifyFlag>
          <sex>1</sex>
        </RiskRealatePary>
        <RiskRealatePary>
          <appliPhone>13888888888</appliPhone>
          <birthday>1961-03-07</birthday>
          <changeInsured>-80</changeInsured>
          <clientCName>周至强</clientCName>
          <clientType>1</clientType>
          <identifyNo>120104196103074359</identifyNo>
          <identifyType>01</identifyType>
          <insuredBusinessSource>0101001</insuredBusinessSource>
          <modifyFlag>B</modifyFlag>
          <sex>1</sex>
        </RiskRealatePary>
        <RiskRealatePary>
          <appliPhone>13888888888</appliPhone>
          <birthday>1975-02-26</birthday>
          <changeInsured>-80</changeInsured>
          <clientCName>刘 盼盼</clientCName>
          <clientType>1</clientType>
          <identifyNo>120103197502264510</identifyNo>
          <identifyType>01</identifyType>
          <insuredBusinessSource>0101001</insuredBusinessSource>
          <modifyFlag>B</modifyFlag>
          <sex>1</sex>
        </RiskRealatePary>
        <RiskRealatePary>
          <appliPhone>13888888888</appliPhone>
          <birthday>1963-09-14</birthday>
          <changeInsured>-80</changeInsured>
          <clientCName>朱俊屹</clientCName>
          <clientType>1</clientType>
          <identifyNo>120101196309142013</identifyNo>
          <identifyType>01</identifyType>
          <insuredBusinessSource>0101001</insuredBusinessSource>
          <modifyFlag>B</modifyFlag>
          <sex>1</sex>
        </RiskRealatePary>
        <RiskRealatePary>
          <appliPhone>13888888888</appliPhone>
          <birthday>1963-09-14</birthday>
          <changeInsured>-80</changeInsured>
          <clientCName>朱俊屹</clientCName>
          <clientType>1</clientType>
          <identifyNo>120101196309142023</identifyNo>
          <identifyType>01</identifyType>
          <insuredBusinessSource>0101001</insuredBusinessSource>
          <modifyFlag>B</modifyFlag>
          <sex>2</sex>
        </RiskRealatePary>
        <RiskRealatePary>
          <appliPhone>13888888888</appliPhone>
          <birthday>1963-09-14</birthday>
          <changeInsured>-80</changeInsured>
          <clientCName>朱俊屹</clientCName>
          <clientType>1</clientType>
          <identifyNo>120101196309142033</identifyNo>
          <identifyType>01</identifyType>
          <insuredBusinessSource>0101001</insuredBusinessSource>
          <modifyFlag>B</modifyFlag>
          <sex>1</sex>
        </RiskRealatePary>
        <RiskRealatePary>
          <appliPhone>13888888888</appliPhone>
          <birthday>1963-09-14</birthday>
          <changeInsured>-80</changeInsured>
          <clientCName>朱俊屹</clientCName>
          <clientType>1</clientType>
          <identifyNo>120101196309145063</identifyNo>
          <identifyType>01</identifyType>
          <insuredBusinessSource>0101001</insuredBusinessSource>
          <modifyFlag>B</modifyFlag>
          <sex>2</sex>
        </RiskRealatePary>
      </RiskRealateParyList>
    </corrPlan>
  </CorrPlanList>

			</operateCorrect>
		</gro:operateCorrect>
	</soapenv:Body>
</soapenv:Envelope>
http://183.224.42.121:8080/echannel/cxf/groupCorrectSerivce
<soapenv:Envelope xmlns:soapenv="http://schemas.xmlsoap.org/soap/envelope/" xmlns:gro="http://groupCorrect.accident.provider.app.thirdparty.echannel.ebiz.isoftstone.com/">
	<soapenv:Header/>
	<soapenv:Body>
		<gro:operateCorrect>
			<!--Optional:-->
			<operateCorrect>
				

  <Head>
    <partnerCode>MCLY</partnerCode>
    <passWord>MCLY20170103</passWord>
    <queryId>236e9c742f3e41bdb5f2f4b8885e643f</queryId>
    <requestType>00001</requestType>
    <userName>MCLY</userName>
  </Head>
  <Main>
    <policyNo>6000000114420170003356</policyNo>
    <sumPremium>-320</sumPremium>
    <validDate>2017-09-13</validDate>
  </Main>
  <CorrPlanList>
    <corrPlan>
      <RiskRealateParyList>
        <RiskRealatePary>
          <appliPhone>13888888888</appliPhone>
          <birthday>1977-01-11</birthday>
          <changeInsured>-80</changeInsured>
          <clientCName>车晓蕾</clientCName>
          <clientType>1</clientType>
          <identifyNo>360121197701114184</identifyNo>
          <identifyType>01</identifyType>
          <insuredBusinessSource>0101001</insuredBusinessSource>
          <modifyFlag>B</modifyFlag>
          <sex>2</sex>
        </RiskRealatePary>
        <RiskRealatePary>
          <appliPhone>13888888888</appliPhone>
          <birthday>1977-10-09</birthday>
          <changeInsured>-80</changeInsured>
          <clientCName>甄艺璇</clientCName>
          <clientType>1</clientType>
          <identifyNo>500243197710096686</identifyNo>
          <identifyType>01</identifyType>
          <insuredBusinessSource>0101001</insuredBusinessSource>
          <modifyFlag>B</modifyFlag>
          <sex>2</sex>
        </RiskRealatePary>
        <RiskRealatePary>
          <appliPhone>13888888888</appliPhone>
          <birthday>1980-06-27</birthday>
          <changeInsured>-80</changeInsured>
          <clientCName>简仁涛</clientCName>
          <clientType>1</clientType>
          <identifyNo>222402198006279537</identifyNo>
          <identifyType>01</identifyType>
          <insuredBusinessSource>0101001</insuredBusinessSource>
          <modifyFlag>B</modifyFlag>
          <sex>1</sex>
        </RiskRealatePary>
        <RiskRealatePary>
          <appliPhone>13888888888</appliPhone>
          <birthday>1976-03-12</birthday>
          <changeInsured>-80</changeInsured>
          <clientCName>班嘉力</clientCName>
          <clientType>1</clientType>
          <identifyNo>130825197603128276</identifyNo>
          <identifyType>01</identifyType>
          <insuredBusinessSource>0101001</insuredBusinessSource>
          <modifyFlag>B</modifyFlag>
          <sex>1</sex>
        </RiskRealatePary>
      </RiskRealateParyList>
    </corrPlan>
  </CorrPlanList>

			</operateCorrect>
		</gro:operateCorrect>
	</soapenv:Body>
</soapenv:Envelope>
http://183.224.42.121:8080/echannel/cxf/groupCorrectSerivce
<soapenv:Envelope xmlns:soapenv="http://schemas.xmlsoap.org/soap/envelope/" xmlns:gro="http://groupCorrect.accident.provider.app.thirdparty.echannel.ebiz.isoftstone.com/">
	<soapenv:Header/>
	<soapenv:Body>
		<gro:operateCorrect>
			<!--Optional:-->
			<operateCorrect>
				

  <Head>
    <partnerCode>MCLY</partnerCode>
    <passWord>MCLY20170103</passWord>
    <queryId>70114491f52b40c5808014c2724b22c8</queryId>
    <requestType>00001</requestType>
    <userName>MCLY</userName>
  </Head>
  <Main>
    <policyNo>6000000114420170003356</policyNo>
    <sumPremium>-80</sumPremium>
    <validDate>2017-09-13</validDate>
  </Main>
  <CorrPlanList>
    <corrPlan>
      <RiskRealateParyList>
        <RiskRealatePary>
          <appliPhone>13888888888</appliPhone>
          <birthday>1981-05-03</birthday>
          <changeInsured>-80</changeInsured>
          <clientCName>穆星辰</clientCName>
          <clientType>1</clientType>
          <identifyNo>140427198105036296</identifyNo>
          <identifyType>01</identifyType>
          <insuredBusinessSource>0101001</insuredBusinessSource>
          <modifyFlag>B</modifyFlag>
          <sex>1</sex>
        </RiskRealatePary>
      </RiskRealateParyList>
    </corrPlan>
  </CorrPlanList>

			</operateCorrect>
		</gro:operateCorrect>
	</soapenv:Body>
</soapenv:Envelope>
