09021025026103,收到客户端报文
09021025026103,转发报文到保险公司：http://183.224.42.121:8080/echannel//cxf/groupCorrectSerivce
09021025026103,发送报文出错：远程服务器返回错误: (500) 内部服务器错误。
09021025374016,收到客户端报文
09021025374016,转发报文到保险公司：http://183.224.42.121:8080/echannel//cxf/groupCorrectSerivce
09021025374016,发送报文出错：远程服务器返回错误: (500) 内部服务器错误。
09021025374016,转发报文到保险公司：http://183.224.42.121:8080/echannel//cxf/groupCorrectSerivce



<soapenv:Envelope xmlns:soapenv="http://schemas.xmlsoap.org/soap/envelope/" xmlns:gro="http://groupCorrect.accident.provider.app.thirdparty.echannel.ebiz.isoftstone.com/">
	<soapenv:Header/>
	<soapenv:Body>
		<gro:operateCorrect>
			<!--Optional:-->
			<operateCorrect>
				

  <Head>
    <partnerCode>MCLY</partnerCode>
    <passWord>MCLY20170103</passWord>
    <queryId>15514137e6ad4c918d6ca709f48b5318</queryId>
    <requestType>00001</requestType>
    <userName>MCLY</userName>
  </Head>
  <Main>
    <policyNo>01000170902018743</policyNo>
    <sumPremium>10</sumPremium>
    <validDate />
  </Main>
  <CorrPlanList>
    <corrPlan>
      <RiskRealateParyList>
        <RiskRealatePary>
          <appliPhone>13888888888</appliPhone>
          <birthday>1996-10-04</birthday>
          <changeInsured>10</changeInsured>
          <clientCName>余凯瑞</clientCName>
          <clientType>1</clientType>
          <identifyNo>331023199610040310</identifyNo>
          <identifyType>01</identifyType>
          <insuredBusinessSource>0101001</insuredBusinessSource>
          <modifyFlag>I</modifyFlag>
          <sex>1</sex>
        </RiskRealatePary>
      </RiskRealateParyList>
    </corrPlan>
  </CorrPlanList>

			</operateCorrect>
		</gro:operateCorrect>
	</soapenv:Body>
</soapenv:Envelope>09021025374016,发送报文出错：远程服务器返回错误: (500) 内部服务器错误。
09021040091837,收到客户端报文
09021040091837,转发报文到保险公司：http://183.224.42.121:8080/echannel//cxf/groupCorrectSerivce
09021040091837,发送报文出错：远程服务器返回错误: (500) 内部服务器错误。
09021040277810,收到客户端报文
09021040277810,转发报文到保险公司：http://183.224.42.121:8080/echannel//cxf/groupCorrectSerivce
09021040277810,发送报文出错：远程服务器返回错误: (500) 内部服务器错误。
09021040405670,收到客户端报文
09021040405670,转发报文到保险公司：http://183.224.42.121:8080/echannel//cxf/groupCorrectSerivce
09021040405670,发送报文出错：远程服务器返回错误: (500) 内部服务器错误。
09021041019455,收到客户端报文
09021041019455,转发报文到保险公司：http://183.224.42.121:8080/echannel//cxf/groupCorrectSerivce
09021041019455,发送报文出错：远程服务器返回错误: (500) 内部服务器错误。
09021041217954,收到客户端报文
09021041217954,转发报文到保险公司：http://183.224.42.121:8080/echannel//cxf/groupCorrectSerivce
09021041217954,发送报文出错：远程服务器返回错误: (500) 内部服务器错误。
09021042092937,收到客户端报文
09021042092937,转发报文到保险公司：http://183.224.42.121:8080/echannel//cxf/groupCorrectSerivce
09021042092937,发送报文出错：远程服务器返回错误: (500) 内部服务器错误。
09021042532101,收到客户端报文
09021042532101,转发报文到保险公司：http://183.224.42.121:8080/echannel//cxf/groupCorrectSerivce
09021042532101,收到保险公司报文
09021051395288,收到客户端报文
09021051395288,转发报文到保险公司：http://183.224.42.121:8080/echannel//cxf/groupCorrectSerivce
09021051395288,收到保险公司报文
09021606230899,收到客户端报文
09021606230899,转发报文到保险公司：http://183.224.42.121:8080/echannel//cxf/groupCorrectSerivce
09021606230899,收到保险公司报文
09021608370555,收到客户端报文
09021608370555,转发报文到保险公司：http://183.224.42.121:8080/echannel//cxf/groupCorrectSerivce
09021608370555,收到保险公司报文
